生成启动时间为 2017/9/27 10:00:50。
     1>项目“D:\Projects\MFCApplication2\MFCApplication2\MFCApplication2.vcxproj”在节点 2 上(Build 个目标)。
     1>ResourceCompile:
         C:\Program Files (x86)\Windows Kits\8.1\bin\x86\rc.exe /D _DEBUG /D _UNICODE /D UNICODE /D _AFXDLL /l"0x0804" /IDebug\ /nologo /fo"Debug\MFCApplication2.res" MFCApplication2.rc 
       Link:
         C:\Program Files (x86)\Microsoft Visual Studio 14.0\VC\bin\link.exe /ERRORREPORT:PROMPT /OUT:"D:\Projects\MFCApplication2\Debug\MFCApplication2.exe" /INCREMENTAL /NOLOGO /LIBPATH:"D:\Projects\MFCApplication2\libxl-3.1.0\lib" kernel32.lib user32.lib gdi32.lib winspool.lib comdlg32.lib advapi32.lib shell32.lib ole32.lib oleaut32.lib uuid.lib odbc32.lib odbccp32.lib libxl.lib /MANIFEST /MANIFESTUAC:"level='asInvoker' uiAccess='false'" /manifest:embed /manifestinput:"C:\Program Files (x86)\Microsoft Visual Studio 14.0\VC\Include\Manifest\dpiaware.manifest" /Debug /PDB:"D:\Projects\MFCApplication2\Debug\MFCApplication2.pdb" /SUBSYSTEM:WINDOWS /TLBID:1 /ENTRY:"wWinMainCRTStartup" /DYNAMICBASE /NXCOMPAT /IMPLIB:"D:\Projects\MFCApplication2\Debug\MFCApplication2.lib" /MACHINE:X86 Debug\MFCApplication2.res
         Debug\chessCharacters.obj
         Debug\MFCApplication2.obj
         Debug\MFCApplication2Dlg.obj
         Debug\pieceCharacters.obj
         Debug\readXml.obj
         Debug\stdafx.obj
         Debug\tinystr.obj
         Debug\tinyxml.obj
         Debug\tinyxmlerror.obj
         Debug\tinyxmlparser.obj
         Debug\toExcel.obj
         Debug\wholePieces.obj
         MFCApplication2.vcxproj -> D:\Projects\MFCApplication2\Debug\MFCApplication2.exe
     1>已完成生成项目“D:\Projects\MFCApplication2\MFCApplication2\MFCApplication2.vcxproj”(Build 个目标)的操作。

已成功生成。

已用时间 00:00:00.25
