生成启动时间为 2017/9/26 18:35:13。
     1>项目“F:\Users\wang\Documents\Visual Studio 2015\Projects\MFCApplication2\MFCApplication2\MFCApplication2.vcxproj”在节点 2 上(Build 个目标)。
     1>ClCompile:
         C:\Program Files (x86)\Microsoft Visual Studio 14.0\VC\bin\x86_amd64\CL.exe /c /ZI /nologo /W3 /WX- /sdl /Od /D _WINDOWS /D _DEBUG /D _UNICODE /D UNICODE /D _AFXDLL /Gm /EHsc /RTC1 /MDd /GS /fp:precise /Zc:wchar_t /Zc:forScope /Zc:inline /Yc"stdafx.h" /Fp"x64\Debug\MFCApplication2.pch" /Fo"x64\Debug\\" /Fd"x64\Debug\vc140.pdb" /Gd /TP /errorReport:prompt stdafx.cpp
         stdafx.cpp
         C:\Program Files (x86)\Microsoft Visual Studio 14.0\VC\bin\x86_amd64\CL.exe /c /ZI /nologo /W3 /WX- /sdl /Od /D _WINDOWS /D _DEBUG /D _UNICODE /D UNICODE /D _AFXDLL /Gm /EHsc /RTC1 /MDd /GS /fp:precise /Zc:wchar_t /Zc:forScope /Zc:inline /Yu"stdafx.h" /Fp"x64\Debug\MFCApplication2.pch" /Fo"x64\Debug\\" /Fd"x64\Debug\vc140.pdb" /Gd /TP /errorReport:prompt chessCharacters.cpp MFCApplication2.cpp MFCApplication2Dlg.cpp pieceCharacters.cpp readXml.cpp tinystr.cpp tinyxml.cpp tinyxmlerror.cpp tinyxmlparser.cpp toExcel.cpp wholePieces.cpp
         wholePieces.cpp
     1>f:\users\wang\documents\visual studio 2015\projects\mfcapplication2\mfcapplication2\wholepieces.cpp(568): warning C4244: “参数”: 从“double”转换到“wchar_t”，可能丢失数据
     1>f:\users\wang\documents\visual studio 2015\projects\mfcapplication2\mfcapplication2\wholepieces.cpp(577): warning C4244: “参数”: 从“double”转换到“wchar_t”，可能丢失数据
     1>f:\users\wang\documents\visual studio 2015\projects\mfcapplication2\mfcapplication2\wholepieces.cpp(580): warning C4244: “参数”: 从“double”转换到“wchar_t”，可能丢失数据
     1>f:\users\wang\documents\visual studio 2015\projects\mfcapplication2\mfcapplication2\wholepieces.cpp(609): warning C4244: “参数”: 从“double”转换到“wchar_t”，可能丢失数据
     1>f:\users\wang\documents\visual studio 2015\projects\mfcapplication2\mfcapplication2\wholepieces.cpp(618): warning C4244: “参数”: 从“double”转换到“wchar_t”，可能丢失数据
     1>f:\users\wang\documents\visual studio 2015\projects\mfcapplication2\mfcapplication2\wholepieces.cpp(621): warning C4244: “参数”: 从“double”转换到“wchar_t”，可能丢失数据
     1>f:\users\wang\documents\visual studio 2015\projects\mfcapplication2\mfcapplication2\wholepieces.cpp(645): warning C4244: “return”: 从“double”转换到“int”，可能丢失数据
     1>f:\users\wang\documents\visual studio 2015\projects\mfcapplication2\mfcapplication2\wholepieces.cpp(653): warning C4244: “return”: 从“double”转换到“int”，可能丢失数据
         toExcel.cpp
     1>f:\users\wang\documents\visual studio 2015\projects\mfcapplication2\mfcapplication2\toexcel.h(5): fatal error C1083: 无法打开包括文件: “libxl.h”: No such file or directory
         tinyxmlparser.cpp
         tinyxmlerror.cpp
         tinyxml.cpp
         tinystr.cpp
         readXml.cpp
         pieceCharacters.cpp
     1>f:\users\wang\documents\visual studio 2015\projects\mfcapplication2\mfcapplication2\piececharacters.cpp(740): warning C4267: “=”: 从“size_t”转换到“int”，可能丢失数据
         MFCApplication2Dlg.cpp
     1>f:\users\wang\documents\visual studio 2015\projects\mfcapplication2\mfcapplication2\mfcapplication2dlg.cpp(13): fatal error C1083: 无法打开包括文件: “libxl.h”: No such file or directory
         MFCApplication2.cpp
         chessCharacters.cpp
         正在生成代码...
     1>f:\users\wang\documents\visual studio 2015\projects\mfcapplication2\mfcapplication2\piececharacters.cpp(809): warning C4715: “pieceCharacters::close”: 不是所有的控件路径都返回值
     1>f:\users\wang\documents\visual studio 2015\projects\mfcapplication2\mfcapplication2\readxml.cpp(236): warning C4715: “readXml::read_fen”: 不是所有的控件路径都返回值
     1>f:\users\wang\documents\visual studio 2015\projects\mfcapplication2\mfcapplication2\readxml.cpp(257): warning C4715: “readXml::read_result”: 不是所有的控件路径都返回值
     1>f:\users\wang\documents\visual studio 2015\projects\mfcapplication2\mfcapplication2\readxml.cpp(282): warning C4715: “readXml::read_resulttype”: 不是所有的控件路径都返回值
     1>f:\users\wang\documents\visual studio 2015\projects\mfcapplication2\mfcapplication2\wholepieces.cpp(298): warning C4715: “wholePieces::track_point”: 不是所有的控件路径都返回值
     1>f:\users\wang\documents\visual studio 2015\projects\mfcapplication2\mfcapplication2\wholepieces.cpp(494): warning C4715: “wholePieces::map_threat”: 不是所有的控件路径都返回值
     1>f:\users\wang\documents\visual studio 2015\projects\mfcapplication2\mfcapplication2\wholepieces.cpp(546): warning C4715: “wholePieces::map_threat”: 不是所有的控件路径都返回值
     1>f:\users\wang\documents\visual studio 2015\projects\mfcapplication2\mfcapplication2\wholepieces.cpp(695): warning C4715: “wholePieces::map_attack”: 不是所有的控件路径都返回值
     1>f:\users\wang\documents\visual studio 2015\projects\mfcapplication2\mfcapplication2\wholepieces.cpp(655): warning C4715: “wholePieces::map_allpro”: 不是所有的控件路径都返回值
     1>f:\users\wang\documents\visual studio 2015\projects\mfcapplication2\mfcapplication2\wholepieces.cpp(634): warning C4715: “wholePieces::map_protect”: 不是所有的控件路径都返回值
     1>f:\users\wang\documents\visual studio 2015\projects\mfcapplication2\mfcapplication2\wholepieces.cpp(706): warning C4715: “wholePieces::th_bx”: 不是所有的控件路径都返回值
     1>f:\users\wang\documents\visual studio 2015\projects\mfcapplication2\mfcapplication2\wholepieces.cpp(716): warning C4715: “wholePieces::th_by”: 不是所有的控件路径都返回值
     1>f:\users\wang\documents\visual studio 2015\projects\mfcapplication2\mfcapplication2\wholepieces.cpp(726): warning C4715: “wholePieces::th_rx”: 不是所有的控件路径都返回值
     1>f:\users\wang\documents\visual studio 2015\projects\mfcapplication2\mfcapplication2\wholepieces.cpp(736): warning C4715: “wholePieces::th_ry”: 不是所有的控件路径都返回值
     1>已完成生成项目“F:\Users\wang\Documents\Visual Studio 2015\Projects\MFCApplication2\MFCApplication2\MFCApplication2.vcxproj”(Build 个目标)的操作 - 失败。

生成失败。

已用时间 00:00:04.24
